<?xml version="1.0" encoding="UTF-8"?>
<!-- Generated by org.testng.reporters.JUnitReportReporter -->
<testsuite hostname="Arvind" failures="0" tests="1" name="Testscripts.Report" time="6.287" errors="0" timestamp="2023-12-26T17:49:55 IST" skipped="0">
  <testcase classname="Testscripts.Report" name="reportTest" time="6.287"/>
</testsuite> <!-- Testscripts.Report -->
